Links = 56

-----------------------------------------------------------------------------------
** CAPSTONE - Cycle Accurate Parallel Simulator Technologgy for On-Chip Networks **
 This is simIris. A second version of Capstone.
-- Computer Architecture and Systems Lab                                         --
-- Georgia Institute of Technology                                               --
-----------------------------------------------------------------------------------
Cmd line: ./manifold_simIris config/rpg_config.cfg 
 type:	Mesh
 vcs:	2
 ports:	5
 buffer_size:	10
 credits:	1
 no_nodes( spread over a 2D Mesh topology):	16
 grid size:	4
 links:  	56
 no_of_mcs:	0
 no_of_cores:	1
 concentration:	1
 no_of_traces:	18
 interfaces:	1
 cores:	1
 max_sim_time:	1000000
 max_phy_link_bits:	256
 THREAD_BITS_POSITION:	25
 MC_ADDR_BITS:	12
 TWO_STAGE_ROUTER:	0
 ROUTING_SCHEME:	 0
 SW_ARBITRATION:	 0
 BANK_BITS:	13
 NETWORK_BITS:	32
 COMMAND_BITS:	6
 COREID_BITS:	3
 NO_OF_THREADS:	16
 NO_OF_CHANNELS:	1
 NO_OF_RANKS:	1
 NO_OF_BANKS:	8
 NO_OF_ROWS:	8192
 NO_OF_COLUMNS:	128
 COLUMN_SIZE:	64
 Router Model String:	VIRTUAL_4STAGE
 mc_model :	FLAT_MC
 terminal_model :	GENERIC
 Msg_class with arbitration priority:	
 ******************** SETUP COMPLETE *****************

GenericRouter4Stg

 router[0] packet latency: 3.30415e+06
 router[0] flits/packets: 6.00016
 router[0] average packet latency: 45.023
 router[0] last_flit_out_cycle: 999999 
 router[0] packets: 73388
 router[0] flits: 440340

 interface[0] flits_in: 147232
 interface[0] packets_in: 24538
 interface[0] flits_out: 146833
 interface[0] packets_out: 24471
 interface[0] total_packet_latency(In packets): 2401964
 interface[0] avg_packet_latency(In packets): 97.8875

PktGen [0] packets_out:	24473
PktGen [0] packets_in:	24538
PktGen [0] min_pkt_latency:	63
PktGen [0] last_packet_out_cycle:	999955
PktGen [0] avg_latency:	0
PktGen [0] avg_hop_count:	0
GenericRouter4Stg

 router[1] packet latency: 5.93504e+06
 router[1] flits/packets: 6.0001
 router[1] average packet latency: 48.828
 router[1] last_flit_out_cycle: 999999 
 router[1] packets: 121550
 router[1] flits: 729312

 interface[1] flits_in: 145975
 interface[1] packets_in: 24329
 interface[1] flits_out: 145267
 interface[1] packets_out: 24211
 interface[1] total_packet_latency(In packets): 2228388
 interface[1] avg_packet_latency(In packets): 91.5939

PktGen [1] packets_out:	24212
PktGen [1] packets_in:	24329
PktGen [1] min_pkt_latency:	56
PktGen [1] last_packet_out_cycle:	999989
PktGen [1] avg_latency:	0
PktGen [1] avg_hop_count:	0
GenericRouter4Stg

 router[2] packet latency: 5.93278e+06
 router[2] flits/packets: 6.00013
 router[2] average packet latency: 48.8448
 router[2] last_flit_out_cycle: 999998 
 router[2] packets: 121462
 router[2] flits: 728788

 interface[2] flits_in: 145451
 interface[2] packets_in: 24241
 interface[2] flits_out: 144964
 interface[2] packets_out: 24160
 interface[2] total_packet_latency(In packets): 2226723
 interface[2] avg_packet_latency(In packets): 91.8577

PktGen [2] packets_out:	24162
PktGen [2] packets_in:	24241
PktGen [2] min_pkt_latency:	56
PktGen [2] last_packet_out_cycle:	999964
PktGen [2] avg_latency:	0
PktGen [2] avg_hop_count:	0
GenericRouter4Stg

 router[3] packet latency: 3.30088e+06
 router[3] flits/packets: 6.00011
 router[3] average packet latency: 45.0319
 router[3] last_flit_out_cycle: 999999 
 router[3] packets: 73301
 router[3] flits: 439814

 interface[3] flits_in: 146705
 interface[3] packets_in: 24450
 interface[3] flits_out: 146279
 interface[3] packets_out: 24379
 interface[3] total_packet_latency(In packets): 2401085
 interface[3] avg_packet_latency(In packets): 98.2039

PktGen [3] packets_out:	24381
PktGen [3] packets_in:	24450
PktGen [3] min_pkt_latency:	63
PktGen [3] last_packet_out_cycle:	999971
PktGen [3] avg_latency:	0
PktGen [3] avg_hop_count:	0
GenericRouter4Stg

 router[4] packet latency: 4.89362e+06
 router[4] flits/packets: 6.00009
 router[4] average packet latency: 39.8519
 router[4] last_flit_out_cycle: 999999 
 router[4] packets: 122795
 router[4] flits: 736781

 interface[4] flits_in: 148183
 interface[4] packets_in: 24697
 interface[4] flits_out: 147327
 interface[4] packets_out: 24554
 interface[4] total_packet_latency(In packets): 2230643
 interface[4] avg_packet_latency(In packets): 90.3204

PktGen [4] packets_out:	24556
PktGen [4] packets_in:	24697
PktGen [4] min_pkt_latency:	56
PktGen [4] last_packet_out_cycle:	999988
PktGen [4] avg_latency:	0
PktGen [4] avg_hop_count:	0
GenericRouter4Stg

 router[5] packet latency: 7.57135e+06
 router[5] flits/packets: 6.00009
 router[5] average packet latency: 44.162
 router[5] last_flit_out_cycle: 999998 
 router[5] packets: 171445
 router[5] flits: 1028686

 interface[5] flits_in: 147641
 interface[5] packets_in: 24606
 interface[5] flits_out: 147861
 interface[5] packets_out: 24643
 interface[5] total_packet_latency(In packets): 2072887
 interface[5] avg_packet_latency(In packets): 84.2432

PktGen [5] packets_out:	24645
PktGen [5] packets_in:	24606
PktGen [5] min_pkt_latency:	50
PktGen [5] last_packet_out_cycle:	999949
PktGen [5] avg_latency:	0
PktGen [5] avg_hop_count:	0
GenericRouter4Stg

 router[6] packet latency: 7.57153e+06
 router[6] flits/packets: 6.00009
 router[6] average packet latency: 44.1757
 router[6] last_flit_out_cycle: 999999 
 router[6] packets: 171396
 router[6] flits: 1028391

 interface[6] flits_in: 147569
 interface[6] packets_in: 24594
 interface[6] flits_out: 147157
 interface[6] packets_out: 24526
 interface[6] total_packet_latency(In packets): 2073730
 interface[6] avg_packet_latency(In packets): 84.3185

PktGen [6] packets_out:	24528
PktGen [6] packets_in:	24594
PktGen [6] min_pkt_latency:	50
PktGen [6] last_packet_out_cycle:	999970
PktGen [6] avg_latency:	0
PktGen [6] avg_hop_count:	0
GenericRouter4Stg

 router[7] packet latency: 4.8827e+06
 router[7] flits/packets: 6.0001
 router[7] average packet latency: 39.7977
 router[7] last_flit_out_cycle: 999999 
 router[7] packets: 122688
 router[7] flits: 736140

 interface[7] flits_in: 147514
 interface[7] packets_in: 24585
 interface[7] flits_out: 147767
 interface[7] packets_out: 24627
 interface[7] total_packet_latency(In packets): 2229291
 interface[7] avg_packet_latency(In packets): 90.6769

PktGen [7] packets_out:	24629
PktGen [7] packets_in:	24585
PktGen [7] min_pkt_latency:	56
PktGen [7] last_packet_out_cycle:	999970
PktGen [7] avg_latency:	0
PktGen [7] avg_hop_count:	0
GenericRouter4Stg

 router[8] packet latency: 4.88911e+06
 router[8] flits/packets: 6.00008
 router[8] average packet latency: 39.8048
 router[8] last_flit_out_cycle: 999997 
 router[8] packets: 122827
 router[8] flits: 736972

 interface[8] flits_in: 147762
 interface[8] packets_in: 24627
 interface[8] flits_out: 147518
 interface[8] packets_out: 24586
 interface[8] total_packet_latency(In packets): 2229647
 interface[8] avg_packet_latency(In packets): 90.5367

PktGen [8] packets_out:	24588
PktGen [8] packets_in:	24627
PktGen [8] min_pkt_latency:	56
PktGen [8] last_packet_out_cycle:	999998
PktGen [8] avg_latency:	0
PktGen [8] avg_hop_count:	0
GenericRouter4Stg

 router[9] packet latency: 7.56472e+06
 router[9] flits/packets: 6.00005
 router[9] average packet latency: 44.1092
 router[9] last_flit_out_cycle: 999998 
 router[9] packets: 171500
 router[9] flits: 1029009

 interface[9] flits_in: 147156
 interface[9] packets_in: 24526
 interface[9] flits_out: 147571
 interface[9] packets_out: 24595
 interface[9] total_packet_latency(In packets): 2072987
 interface[9] avg_packet_latency(In packets): 84.522

PktGen [9] packets_out:	24597
PktGen [9] packets_in:	24526
PktGen [9] min_pkt_latency:	50
PktGen [9] last_packet_out_cycle:	999994
PktGen [9] avg_latency:	0
PktGen [9] avg_hop_count:	0
GenericRouter4Stg

 router[10] packet latency: 7.5727e+06
 router[10] flits/packets: 6.00006
 router[10] average packet latency: 44.1351
 router[10] last_flit_out_cycle: 999999 
 router[10] packets: 171580
 router[10] flits: 1029491

 interface[10] flits_in: 147858
 interface[10] packets_in: 24643
 interface[10] flits_out: 147643
 interface[10] packets_out: 24607
 interface[10] total_packet_latency(In packets): 2073238
 interface[10] avg_packet_latency(In packets): 84.1309

PktGen [10] packets_out:	24608
PktGen [10] packets_in:	24643
PktGen [10] min_pkt_latency:	50
PktGen [10] last_packet_out_cycle:	999999
PktGen [10] avg_latency:	0
PktGen [10] avg_hop_count:	0
GenericRouter4Stg

 router[11] packet latency: 4.88308e+06
 router[11] flits/packets: 6.00011
 router[11] average packet latency: 39.7781
 router[11] last_flit_out_cycle: 999998 
 router[11] packets: 122758
 router[11] flits: 736561

 interface[11] flits_in: 147324
 interface[11] packets_in: 24554
 interface[11] flits_out: 148189
 interface[11] packets_out: 24697
 interface[11] total_packet_latency(In packets): 2227110
 interface[11] avg_packet_latency(In packets): 90.7025

PktGen [11] packets_out:	24699
PktGen [11] packets_in:	24554
PktGen [11] min_pkt_latency:	56
PktGen [11] last_packet_out_cycle:	999999
PktGen [11] avg_latency:	0
PktGen [11] avg_hop_count:	0
GenericRouter4Stg

 router[12] packet latency: 3.30074e+06
 router[12] flits/packets: 6.00005
 router[12] average packet latency: 44.9882
 router[12] last_flit_out_cycle: 999999 
 router[12] packets: 73369
 router[12] flits: 440218

 interface[12] flits_in: 146274
 interface[12] packets_in: 24379
 interface[12] flits_out: 146710
 interface[12] packets_out: 24451
 interface[12] total_packet_latency(In packets): 2399497
 interface[12] avg_packet_latency(In packets): 98.4248

PktGen [12] packets_out:	24453
PktGen [12] packets_in:	24378
PktGen [12] min_pkt_latency:	63
PktGen [12] last_packet_out_cycle:	999966
PktGen [12] avg_latency:	0
PktGen [12] avg_hop_count:	0
GenericRouter4Stg

 router[13] packet latency: 5.92849e+06
 router[13] flits/packets: 6.00006
 router[13] average packet latency: 48.7056
 router[13] last_flit_out_cycle: 999999 
 router[13] packets: 121721
 router[13] flits: 730333

 interface[13] flits_in: 144959
 interface[13] packets_in: 24159
 interface[13] flits_out: 145455
 interface[13] packets_out: 24242
 interface[13] total_packet_latency(In packets): 2225317
 interface[13] avg_packet_latency(In packets): 92.1113

PktGen [13] packets_out:	24244
PktGen [13] packets_in:	24159
PktGen [13] min_pkt_latency:	56
PktGen [13] last_packet_out_cycle:	999962
PktGen [13] avg_latency:	0
PktGen [13] avg_hop_count:	0
GenericRouter4Stg

 router[14] packet latency: 5.92876e+06
 router[14] flits/packets: 6.00009
 router[14] average packet latency: 48.6878
 router[14] last_flit_out_cycle: 999999 
 router[14] packets: 121771
 router[14] flits: 730637

 interface[14] flits_in: 145263
 interface[14] packets_in: 24210
 interface[14] flits_out: 145979
 interface[14] packets_out: 24329
 interface[14] total_packet_latency(In packets): 2227515
 interface[14] avg_packet_latency(In packets): 92.0081

PktGen [14] packets_out:	24331
PktGen [14] packets_in:	24210
PktGen [14] min_pkt_latency:	56
PktGen [14] last_packet_out_cycle:	999982
PktGen [14] avg_latency:	0
PktGen [14] avg_hop_count:	0
GenericRouter4Stg

 router[15] packet latency: 3.29847e+06
 router[15] flits/packets: 6.00004
 router[15] average packet latency: 44.9009
 router[15] last_flit_out_cycle: 999999 
 router[15] packets: 73461
 router[15] flits: 440769

 interface[15] flits_in: 146826
 interface[15] packets_in: 24471
 interface[15] flits_out: 147236
 interface[15] packets_out: 24539
 interface[15] total_packet_latency(In packets): 2401488
 interface[15] avg_packet_latency(In packets): 98.1361

PktGen [15] packets_out:	24540
PktGen [15] packets_in:	24471
PktGen [15] min_pkt_latency:	63
PktGen [15] last_packet_out_cycle:	999983
PktGen [15] avg_latency:	0
PktGen [15] avg_hop_count:	0
Using McPAT (version 0.7 of May, 2010) for Energy Computation.
 


************* McPat per access POWER STATS *************


************* SIMULATION POWER STATS *************
Total Router Dyn Energy: 1.72026e+07 mJ
	Buffer Energy: 7855.49 mJ
	Arbiter Energy: 3221.15 mJ
	Crossbar Energy: 335867 mJ


************** Link Stats ***************
 Total flits passed on the links: 14091951
 Total credits passed on the links: 14082164
 Links not used: 32 of 112 links.
 Avg flits per link used 176149
 Utilized BW (data only) :(A) 3.00628e-06 Mbps. 
 Max BW available in the network:(B) 8.53333e-06 Mbps. 
 % A/B 0.352299


************** Simulation Stats ***************
 Simulation Time: 98 s. 
 No of pkts/terminal/s: 499.506
 No of flits/terminal/s: 1498.57
 Total Mem Req serviced: 195808
------------ End SimIris ---------------------
