This file contains any messages produced by compilers while
running configure, to aid debugging if configure makes a mistake.

It was created by simIris configure 1.0, which was
generated by GNU Autoconf 2.64.  Invocation command line was

  $ ./configure 

## --------- ##
## Platform. ##
## --------- ##

hostname = dhruv
uname -m = x86_64
uname -r = 2.6.31-22-generic
uname -s = Linux
uname -v = #60-Ubuntu SMP Thu May 27 02:41:03 UTC 2010

/usr/bin/uname -p = unknown
/bin/uname -X     = unknown

/bin/arch              = unknown
/usr/bin/arch -k       = unknown
/usr/convex/getsysinfo = unknown
/usr/bin/hostinfo      = unknown
/bin/machine           = unknown
/usr/bin/oslevel       = unknown
/bin/universe          = unknown

PATH: /usr/local/sbin
PATH: /usr/local/bin
PATH: /usr/sbin
PATH: /usr/bin
PATH: /sbin
PATH: /bin
PATH: /usr/games


## ----------- ##
## Core tests. ##
## ----------- ##

configure:2246: checking for a BSD-compatible install
configure:2314: result: /usr/bin/install -c
configure:2325: checking whether build environment is sane
configure:2375: result: yes
configure:2516: checking for a thread-safe mkdir -p
configure:2555: result: /bin/mkdir -p
configure:2568: checking for gawk
configure:2598: result: no
configure:2568: checking for mawk
configure:2584: found /usr/bin/mawk
configure:2595: result: mawk
configure:2606: checking whether make sets $(MAKE)
configure:2628: result: yes
configure:2761: checking for g++
configure:2777: found /usr/bin/g++
configure:2788: result: g++
configure:2815: checking for C++ compiler version
configure:2824: g++ --version >&5
g++ (Ubuntu 4.4.1-4ubuntu9) 4.4.1
Copyright (C) 2009 Free Software Foundation, Inc.
This is free software; see the source for copying conditions.  There is NO
warranty; not even for MERCHANTABILITY or FITNESS FOR A PARTICULAR PURPOSE.

configure:2835: $? = 0
configure:2824: g++ -v >&5
Using built-in specs.
Target: x86_64-linux-gnu
Configured with: ../src/configure -v --with-pkgversion='Ubuntu 4.4.1-4ubuntu9' --with-bugurl=file:///usr/share/doc/gcc-4.4/README.Bugs --enable-languages=c,c++,fortran,objc,obj-c++ --prefix=/usr --enable-shared --enable-multiarch --enable-linker-build-id --with-system-zlib --libexecdir=/usr/lib --without-included-gettext --enable-threads=posix --with-gxx-include-dir=/usr/include/c++/4.4 --program-suffix=-4.4 --enable-nls --enable-clocale=gnu --enable-libstdcxx-debug --enable-objc-gc --disable-werror --with-arch-32=i486 --with-tune=generic --enable-checking=release --build=x86_64-linux-gnu --host=x86_64-linux-gnu --target=x86_64-linux-gnu
Thread model: posix
gcc version 4.4.1 (Ubuntu 4.4.1-4ubuntu9) 
configure:2835: $? = 0
configure:2824: g++ -V >&5
g++: '-V' option must have argument
configure:2835: $? = 1
configure:2824: g++ -qversion >&5
g++: unrecognized option '-qversion'
g++: no input files
configure:2835: $? = 1
configure:2857: checking for C++ compiler default output file name
configure:2879: g++    conftest.cpp  >&5
configure:2883: $? = 0
configure:2920: result: a.out
configure:2936: checking whether the C++ compiler works
configure:2945: ./a.out
configure:2949: $? = 0
configure:2964: result: yes
configure:2971: checking whether we are cross compiling
configure:2973: result: no
configure:2976: checking for suffix of executables
configure:2983: g++ -o conftest    conftest.cpp  >&5
configure:2987: $? = 0
configure:3009: result: 
configure:3015: checking for suffix of object files
configure:3037: g++ -c   conftest.cpp >&5
configure:3041: $? = 0
configure:3062: result: o
configure:3066: checking whether we are using the GNU C++ compiler
configure:3085: g++ -c   conftest.cpp >&5
configure:3085: $? = 0
configure:3094: result: yes
configure:3103: checking whether g++ accepts -g
configure:3123: g++ -c -g  conftest.cpp >&5
configure:3123: $? = 0
configure:3164: result: yes
configure:3198: checking for style of include used by make
configure:3226: result: GNU
configure:3251: checking dependency style of g++
configure:3361: result: gcc3
configure:3424: checking for gcc
configure:3440: found /usr/bin/gcc
configure:3451: result: gcc
configure:3680: checking for C compiler version
configure:3689: gcc --version >&5
gcc (Ubuntu 4.4.1-4ubuntu9) 4.4.1
Copyright (C) 2009 Free Software Foundation, Inc.
This is free software; see the source for copying conditions.  There is NO
warranty; not even for MERCHANTABILITY or FITNESS FOR A PARTICULAR PURPOSE.

configure:3700: $? = 0
configure:3689: gcc -v >&5
Using built-in specs.
Target: x86_64-linux-gnu
Configured with: ../src/configure -v --with-pkgversion='Ubuntu 4.4.1-4ubuntu9' --with-bugurl=file:///usr/share/doc/gcc-4.4/README.Bugs --enable-languages=c,c++,fortran,objc,obj-c++ --prefix=/usr --enable-shared --enable-multiarch --enable-linker-build-id --with-system-zlib --libexecdir=/usr/lib --without-included-gettext --enable-threads=posix --with-gxx-include-dir=/usr/include/c++/4.4 --program-suffix=-4.4 --enable-nls --enable-clocale=gnu --enable-libstdcxx-debug --enable-objc-gc --disable-werror --with-arch-32=i486 --with-tune=generic --enable-checking=release --build=x86_64-linux-gnu --host=x86_64-linux-gnu --target=x86_64-linux-gnu
Thread model: posix
gcc version 4.4.1 (Ubuntu 4.4.1-4ubuntu9) 
configure:3700: $? = 0
configure:3689: gcc -V >&5
gcc: '-V' option must have argument
configure:3700: $? = 1
configure:3689: gcc -qversion >&5
gcc: unrecognized option '-qversion'
gcc: no input files
configure:3700: $? = 1
configure:3704: checking whether we are using the GNU C compiler
configure:3723: gcc -c   conftest.c >&5
configure:3723: $? = 0
configure:3732: result: yes
configure:3741: checking whether gcc accepts -g
configure:3761: gcc -c -g  conftest.c >&5
configure:3761: $? = 0
configure:3802: result: yes
configure:3819: checking for gcc option to accept ISO C89
configure:3883: gcc  -c -g -O2  conftest.c >&5
configure:3883: $? = 0
configure:3896: result: none needed
configure:3918: checking dependency style of gcc
configure:4028: result: gcc3
configure:4086: checking for ranlib
configure:4102: found /usr/bin/ranlib
configure:4113: result: ranlib
configure:4143: checking how to run the C preprocessor
configure:4174: gcc -E  conftest.c
configure:4174: $? = 0
configure:4188: gcc -E  conftest.c
conftest.c:9:28: error: ac_nonexistent.h: No such file or directory
configure:4188: $? = 1
configure: failed program was:
| /* confdefs.h */
| #define PACKAGE_NAME "simIris"
| #define PACKAGE_TARNAME "simiris"
| #define PACKAGE_VERSION "1.0"
| #define PACKAGE_STRING "simIris 1.0"
| #define PACKAGE_BUGREPORT "lotdinity.casl@gmail.com"
| #define PACKAGE_URL ""
| /* end confdefs.h.  */
| #include <ac_nonexistent.h>
configure:4213: result: gcc -E
configure:4233: gcc -E  conftest.c
configure:4233: $? = 0
configure:4247: gcc -E  conftest.c
conftest.c:9:28: error: ac_nonexistent.h: No such file or directory
configure:4247: $? = 1
configure: failed program was:
| /* confdefs.h */
| #define PACKAGE_NAME "simIris"
| #define PACKAGE_TARNAME "simiris"
| #define PACKAGE_VERSION "1.0"
| #define PACKAGE_STRING "simIris 1.0"
| #define PACKAGE_BUGREPORT "lotdinity.casl@gmail.com"
| #define PACKAGE_URL ""
| /* end confdefs.h.  */
| #include <ac_nonexistent.h>
configure:4276: checking for grep that handles long lines and -e
configure:4334: result: /bin/grep
configure:4339: checking for egrep
configure:4401: result: /bin/grep -E
configure:4406: checking for ANSI C header files
configure:4426: gcc -c -g -O2  conftest.c >&5
configure:4426: $? = 0
configure:4499: gcc -o conftest -g -O2   conftest.c  >&5
configure:4499: $? = 0
configure:4499: ./conftest
configure:4499: $? = 0
configure:4510: result: yes
configure:4523: checking for sys/types.h
configure:4523: gcc -c -g -O2  conftest.c >&5
configure:4523: $? = 0
configure:4523: result: yes
configure:4523: checking for sys/stat.h
configure:4523: gcc -c -g -O2  conftest.c >&5
configure:4523: $? = 0
configure:4523: result: yes
configure:4523: checking for stdlib.h
configure:4523: gcc -c -g -O2  conftest.c >&5
configure:4523: $? = 0
configure:4523: result: yes
configure:4523: checking for string.h
configure:4523: gcc -c -g -O2  conftest.c >&5
configure:4523: $? = 0
configure:4523: result: yes
configure:4523: checking for memory.h
configure:4523: gcc -c -g -O2  conftest.c >&5
configure:4523: $? = 0
configure:4523: result: yes
configure:4523: checking for strings.h
configure:4523: gcc -c -g -O2  conftest.c >&5
configure:4523: $? = 0
configure:4523: result: yes
configure:4523: checking for inttypes.h
configure:4523: gcc -c -g -O2  conftest.c >&5
configure:4523: $? = 0
configure:4523: result: yes
configure:4523: checking for stdint.h
configure:4523: gcc -c -g -O2  conftest.c >&5
configure:4523: $? = 0
configure:4523: result: yes
configure:4523: checking for unistd.h
configure:4523: gcc -c -g -O2  conftest.c >&5
configure:4523: $? = 0
configure:4523: result: yes
configure:4539: checking for string.h
configure:4539: result: yes
configure:4539: checking sys/time.h usability
configure:4539: gcc -c -g -O2  conftest.c >&5
configure:4539: $? = 0
configure:4539: result: yes
configure:4539: checking sys/time.h presence
configure:4539: gcc -E  conftest.c
configure:4539: $? = 0
configure:4539: result: yes
configure:4539: checking for sys/time.h
configure:4539: result: yes
configure:4552: checking for stdbool.h that conforms to C99
configure:4637: gcc -c -g -O2  conftest.c >&5
configure:4637: $? = 0
configure:4644: result: yes
configure:4646: checking for _Bool
configure:4646: gcc -c -g -O2  conftest.c >&5
configure:4646: $? = 0
configure:4646: gcc -c -g -O2  conftest.c >&5
conftest.c: In function 'main':
conftest.c:57: error: expected expression before ')' token
configure:4646: $? = 1
configure: failed program was:
| /* confdefs.h */
| #define PACKAGE_NAME "simIris"
| #define PACKAGE_TARNAME "simiris"
| #define PACKAGE_VERSION "1.0"
| #define PACKAGE_STRING "simIris 1.0"
| #define PACKAGE_BUGREPORT "lotdinity.casl@gmail.com"
| #define PACKAGE_URL ""
| #define STDC_HEADERS 1
| #define HAVE_SYS_TYPES_H 1
| #define HAVE_SYS_STAT_H 1
| #define HAVE_STDLIB_H 1
| #define HAVE_STRING_H 1
| #define HAVE_MEMORY_H 1
| #define HAVE_STRINGS_H 1
| #define HAVE_INTTYPES_H 1
| #define HAVE_STDINT_H 1
| #define HAVE_UNISTD_H 1
| #define HAVE_STRING_H 1
| #define HAVE_SYS_TIME_H 1
| /* end confdefs.h.  */
| #include <stdio.h>
| #ifdef HAVE_SYS_TYPES_H
| # include <sys/types.h>
| #endif
| #ifdef HAVE_SYS_STAT_H
| # include <sys/stat.h>
| #endif
| #ifdef STDC_HEADERS
| # include <stdlib.h>
| # include <stddef.h>
| #else
| # ifdef HAVE_STDLIB_H
| #  include <stdlib.h>
| # endif
| #endif
| #ifdef HAVE_STRING_H
| # if !defined STDC_HEADERS && defined HAVE_MEMORY_H
| #  include <memory.h>
| # endif
| # include <string.h>
| #endif
| #ifdef HAVE_STRINGS_H
| # include <strings.h>
| #endif
| #ifdef HAVE_INTTYPES_H
| # include <inttypes.h>
| #endif
| #ifdef HAVE_STDINT_H
| # include <stdint.h>
| #endif
| #ifdef HAVE_UNISTD_H
| # include <unistd.h>
| #endif
| int
| main ()
| {
| if (sizeof ((_Bool)))
| 	    return 0;
|   ;
|   return 0;
| }
configure:4646: result: yes
configure:4666: checking for floor
configure:4666: gcc -o conftest -g -O2   conftest.c  >&5
conftest.c:46: warning: conflicting types for built-in function 'floor'
/tmp/ccaQznoO.o: In function `main':
/home/mitch/manifold/source/simIris/conftest.c:57: undefined reference to `floor'
collect2: ld returned 1 exit status
configure:4666: $? = 1
configure: failed program was:
| /* confdefs.h */
| #define PACKAGE_NAME "simIris"
| #define PACKAGE_TARNAME "simiris"
| #define PACKAGE_VERSION "1.0"
| #define PACKAGE_STRING "simIris 1.0"
| #define PACKAGE_BUGREPORT "lotdinity.casl@gmail.com"
| #define PACKAGE_URL ""
| #define STDC_HEADERS 1
| #define HAVE_SYS_TYPES_H 1
| #define HAVE_SYS_STAT_H 1
| #define HAVE_STDLIB_H 1
| #define HAVE_STRING_H 1
| #define HAVE_MEMORY_H 1
| #define HAVE_STRINGS_H 1
| #define HAVE_INTTYPES_H 1
| #define HAVE_STDINT_H 1
| #define HAVE_UNISTD_H 1
| #define HAVE_STRING_H 1
| #define HAVE_SYS_TIME_H 1
| #define HAVE__BOOL 1
| #define HAVE_STDBOOL_H 1
| /* end confdefs.h.  */
| /* Define floor to an innocuous variant, in case <limits.h> declares floor.
|    For example, HP-UX 11i <limits.h> declares gettimeofday.  */
| #define floor innocuous_floor
| 
| /* System header to define __stub macros and hopefully few prototypes,
|     which can conflict with char floor (); below.
|     Prefer <limits.h> to <assert.h> if __STDC__ is defined, since
|     <limits.h> exists even on freestanding compilers.  */
| 
| #ifdef __STDC__
| # include <limits.h>
| #else
| # include <assert.h>
| #endif
| 
| #undef floor
| 
| /* Override any GCC internal prototype to avoid an error.
|    Use char because int might match the return type of a GCC
|    builtin and then its argument prototype would still apply.  */
| #ifdef __cplusplus
| extern "C"
| #endif
| char floor ();
| /* The GNU C library defines this for functions which it implements
|     to always fail with ENOSYS.  Some functions are actually named
|     something starting with __ and the normal name is an alias.  */
| #if defined __stub_floor || defined __stub___floor
| choke me
| #endif
| 
| int
| main ()
| {
| return floor ();
|   ;
|   return 0;
| }
configure:4666: result: no
configure:4800: creating ./config.status

## ---------------------- ##
## Running config.status. ##
## ---------------------- ##

This file was extended by simIris config.status 1.0, which was
generated by GNU Autoconf 2.64.  Invocation command line was

  CONFIG_FILES    = 
  CONFIG_HEADERS  = 
  CONFIG_LINKS    = 
  CONFIG_COMMANDS = 
  $ ./config.status 

on dhruv

config.status:855: creating Makefile
config.status:855: creating config.h
config.status:1027: config.h is unchanged
config.status:1075: executing depfiles commands

## ---------------- ##
## Cache variables. ##
## ---------------- ##

ac_cv_c_compiler_gnu=yes
ac_cv_cxx_compiler_gnu=yes
ac_cv_env_CCC_set=
ac_cv_env_CCC_value=
ac_cv_env_CC_set=
ac_cv_env_CC_value=
ac_cv_env_CFLAGS_set=
ac_cv_env_CFLAGS_value=
ac_cv_env_CPPFLAGS_set=
ac_cv_env_CPPFLAGS_value=
ac_cv_env_CPP_set=
ac_cv_env_CPP_value=
ac_cv_env_CXXFLAGS_set=
ac_cv_env_CXXFLAGS_value=
ac_cv_env_CXX_set=
ac_cv_env_CXX_value=
ac_cv_env_LDFLAGS_set=
ac_cv_env_LDFLAGS_value=
ac_cv_env_LIBS_set=
ac_cv_env_LIBS_value=
ac_cv_env_build_alias_set=
ac_cv_env_build_alias_value=
ac_cv_env_host_alias_set=
ac_cv_env_host_alias_value=
ac_cv_env_target_alias_set=
ac_cv_env_target_alias_value=
ac_cv_func_floor=no
ac_cv_header_inttypes_h=yes
ac_cv_header_memory_h=yes
ac_cv_header_stdbool_h=yes
ac_cv_header_stdc=yes
ac_cv_header_stdint_h=yes
ac_cv_header_stdlib_h=yes
ac_cv_header_string_h=yes
ac_cv_header_strings_h=yes
ac_cv_header_sys_stat_h=yes
ac_cv_header_sys_time_h=yes
ac_cv_header_sys_types_h=yes
ac_cv_header_unistd_h=yes
ac_cv_objext=o
ac_cv_path_EGREP='/bin/grep -E'
ac_cv_path_GREP=/bin/grep
ac_cv_path_install='/usr/bin/install -c'
ac_cv_path_mkdir=/bin/mkdir
ac_cv_prog_AWK=mawk
ac_cv_prog_CPP='gcc -E'
ac_cv_prog_ac_ct_CC=gcc
ac_cv_prog_ac_ct_CXX=g++
ac_cv_prog_ac_ct_RANLIB=ranlib
ac_cv_prog_cc_c89=
ac_cv_prog_cc_g=yes
ac_cv_prog_cxx_g=yes
ac_cv_prog_make_make_set=yes
ac_cv_type__Bool=yes
am_cv_CC_dependencies_compiler_type=gcc3
am_cv_CXX_dependencies_compiler_type=gcc3

## ----------------- ##
## Output variables. ##
## ----------------- ##

ACLOCAL='${SHELL} /home/mitch/manifold/missing --run aclocal-1.11'
AMDEPBACKSLASH='\'
AMDEP_FALSE='#'
AMDEP_TRUE=''
AMTAR='${SHELL} /home/mitch/manifold/missing --run tar'
AUTOCONF='${SHELL} /home/mitch/manifold/missing --run autoconf'
AUTOHEADER='${SHELL} /home/mitch/manifold/missing --run autoheader'
AUTOMAKE='${SHELL} /home/mitch/manifold/missing --run automake-1.11'
AWK='mawk'
CC='gcc'
CCDEPMODE='depmode=gcc3'
CFLAGS='-g -O2'
CPP='gcc -E'
CPPFLAGS=''
CXX='g++'
CXXDEPMODE='depmode=gcc3'
CXXFLAGS='-g -O2'
CYGPATH_W='echo'
DEFS='-DHAVE_CONFIG_H'
DEPDIR='.deps'
ECHO_C=''
ECHO_N='-n'
ECHO_T=''
EGREP='/bin/grep -E'
EXEEXT=''
GREP='/bin/grep'
INSTALL_DATA='${INSTALL} -m 644'
INSTALL_PROGRAM='${INSTALL}'
INSTALL_SCRIPT='${INSTALL}'
INSTALL_STRIP_PROGRAM='$(install_sh) -c -s'
LDFLAGS=''
LIBOBJS=''
LIBS=''
LTLIBOBJS=''
MAKEINFO='${SHELL} /home/mitch/manifold/missing --run makeinfo'
MKDIR_P='/bin/mkdir -p'
OBJEXT='o'
PACKAGE='simIris'
PACKAGE_BUGREPORT='lotdinity.casl@gmail.com'
PACKAGE_NAME='simIris'
PACKAGE_STRING='simIris 1.0'
PACKAGE_TARNAME='simiris'
PACKAGE_URL=''
PACKAGE_VERSION='1.0'
PATH_SEPARATOR=':'
RANLIB='ranlib'
SET_MAKE=''
SHELL='/bin/bash'
STRIP=''
VERSION='1.0'
ac_ct_CC='gcc'
ac_ct_CXX='g++'
am__EXEEXT_FALSE=''
am__EXEEXT_TRUE='#'
am__fastdepCC_FALSE='#'
am__fastdepCC_TRUE=''
am__fastdepCXX_FALSE='#'
am__fastdepCXX_TRUE=''
am__include='include'
am__isrc=''
am__leading_dot='.'
am__quote=''
am__tar='${AMTAR} chof - "$$tardir"'
am__untar='${AMTAR} xf -'
bindir='${exec_prefix}/bin'
build_alias=''
datadir='${datarootdir}'
datarootdir='${prefix}/share'
docdir='${datarootdir}/doc/${PACKAGE_TARNAME}'
dvidir='${docdir}'
exec_prefix='${prefix}'
host_alias=''
htmldir='${docdir}'
includedir='${prefix}/include'
infodir='${datarootdir}/info'
install_sh='${SHELL} /home/mitch/manifold/install-sh'
libdir='${exec_prefix}/lib'
libexecdir='${exec_prefix}/libexec'
localedir='${datarootdir}/locale'
localstatedir='${prefix}/var'
mandir='${datarootdir}/man'
mkdir_p='/bin/mkdir -p'
oldincludedir='/usr/include'
pdfdir='${docdir}'
prefix='/usr/local'
program_transform_name='s,x,x,'
psdir='${docdir}'
sbindir='${exec_prefix}/sbin'
sharedstatedir='${prefix}/com'
sysconfdir='${prefix}/etc'
target_alias=''

## ----------- ##
## confdefs.h. ##
## ----------- ##

/* confdefs.h */
#define PACKAGE_NAME "simIris"
#define PACKAGE_TARNAME "simiris"
#define PACKAGE_VERSION "1.0"
#define PACKAGE_STRING "simIris 1.0"
#define PACKAGE_BUGREPORT "lotdinity.casl@gmail.com"
#define PACKAGE_URL ""
#define STDC_HEADERS 1
#define HAVE_SYS_TYPES_H 1
#define HAVE_SYS_STAT_H 1
#define HAVE_STDLIB_H 1
#define HAVE_STRING_H 1
#define HAVE_MEMORY_H 1
#define HAVE_STRINGS_H 1
#define HAVE_INTTYPES_H 1
#define HAVE_STDINT_H 1
#define HAVE_UNISTD_H 1
#define HAVE_STRING_H 1
#define HAVE_SYS_TIME_H 1
#define HAVE__BOOL 1
#define HAVE_STDBOOL_H 1

configure: exit 0

## ---------------------- ##
## Running config.status. ##
## ---------------------- ##

This file was extended by simIris config.status 1.0, which was
generated by GNU Autoconf 2.64.  Invocation command line was

  CONFIG_FILES    = 
  CONFIG_HEADERS  = 
  CONFIG_LINKS    = 
  CONFIG_COMMANDS = 
  $ ./config.status Makefile depfiles

on dhruv

config.status:855: creating Makefile
config.status:1075: executing depfiles commands

## ---------------------- ##
## Running config.status. ##
## ---------------------- ##

This file was extended by simIris config.status 1.0, which was
generated by GNU Autoconf 2.64.  Invocation command line was

  CONFIG_FILES    = 
  CONFIG_HEADERS  = 
  CONFIG_LINKS    = 
  CONFIG_COMMANDS = 
  $ ./config.status Makefile depfiles

on dhruv

config.status:855: creating Makefile
config.status:1075: executing depfiles commands
