This file contains any messages produced by compilers while
running configure, to aid debugging if configure makes a mistake.

It was created by Iris configure 0.1, which was
generated by GNU Autoconf 2.63.  Invocation command line was

  $ ./configure 

## --------- ##
## Platform. ##
## --------- ##

hostname = scatter
uname -m = i686
uname -r = 2.6.28-19-generic
uname -s = Linux
uname -v = #62-Ubuntu SMP Wed Jul 28 01:56:51 UTC 2010

/usr/bin/uname -p = unknown
/bin/uname -X     = unknown

/bin/arch              = unknown
/usr/bin/arch -k       = unknown
/usr/convex/getsysinfo = unknown
/usr/bin/hostinfo      = unknown
/bin/machine           = unknown
/usr/bin/oslevel       = unknown
/bin/universe          = unknown

PATH: /usr/local/sbin
PATH: /usr/local/bin
PATH: /usr/sbin
PATH: /usr/bin
PATH: /sbin
PATH: /bin
PATH: /usr/games


## ----------- ##
## Core tests. ##
## ----------- ##

configure:1799: checking for a BSD-compatible install
configure:1867: result: /usr/bin/install -c
configure:1878: checking whether build environment is sane
configure:1921: result: yes
configure:1946: checking for a thread-safe mkdir -p
configure:1985: result: /bin/mkdir -p
configure:1998: checking for gawk
configure:2014: found /usr/bin/gawk
configure:2025: result: gawk
configure:2036: checking whether make sets $(MAKE)
configure:2058: result: yes
configure:2271: checking whether to generate documentation
configure:2273: result: no
configure:2474: creating ./config.status

## ---------------------- ##
## Running config.status. ##
## ---------------------- ##

This file was extended by Iris config.status 0.1, which was
generated by GNU Autoconf 2.63.  Invocation command line was

  CONFIG_FILES    = 
  CONFIG_HEADERS  = 
  CONFIG_LINKS    = 
  CONFIG_COMMANDS = 
  $ ./config.status 

on scatter

config.status:663: creating Makefile

## ---------------- ##
## Cache variables. ##
## ---------------- ##

ac_cv_env_build_alias_set=
ac_cv_env_build_alias_value=
ac_cv_env_host_alias_set=
ac_cv_env_host_alias_value=
ac_cv_env_target_alias_set=
ac_cv_env_target_alias_value=
ac_cv_path_install='/usr/bin/install -c'
ac_cv_path_mkdir=/bin/mkdir
ac_cv_prog_AWK=gawk
ac_cv_prog_make_make_set=yes

## ----------------- ##
## Output variables. ##
## ----------------- ##

ACLOCAL='${SHELL} /home/mitch/manifold/missing --run aclocal-1.10'
AMTAR='${SHELL} /home/mitch/manifold/missing --run tar'
AUTOCONF='${SHELL} /home/mitch/manifold/missing --run autoconf'
AUTOHEADER='${SHELL} /home/mitch/manifold/missing --run autoheader'
AUTOMAKE='${SHELL} /home/mitch/manifold/missing --run automake-1.10'
AWK='gawk'
CYGPATH_W='echo'
DEFS='-DPACKAGE_NAME=\"Iris\" -DPACKAGE_TARNAME=\"Iris\" -DPACKAGE_VERSION=\"0.1\" -DPACKAGE_STRING=\"Iris\ 0.1\" -DPACKAGE_BUGREPORT=\"xxx@users.sourceforge.net\" -DPACKAGE=\"Iris\" -DVERSION=\"0.1\"'
DOC_FALSE=''
DOC_TRUE='#'
ECHO_C=''
ECHO_N='-n'
ECHO_T=''
INSTALL_DATA='${INSTALL} -m 644'
INSTALL_PROGRAM='${INSTALL}'
INSTALL_SCRIPT='${INSTALL}'
INSTALL_STRIP_PROGRAM='$(install_sh) -c -s'
LIBOBJS=''
LIBS=''
LTLIBOBJS=''
MAKEINFO='${SHELL} /home/mitch/manifold/missing --run makeinfo'
MKDIR_P='/bin/mkdir -p'
PACKAGE='Iris'
PACKAGE_BUGREPORT='xxx@users.sourceforge.net'
PACKAGE_NAME='Iris'
PACKAGE_STRING='Iris 0.1'
PACKAGE_TARNAME='Iris'
PACKAGE_VERSION='0.1'
PATH_SEPARATOR=':'
SET_MAKE=''
SHELL='/bin/bash'
STRIP=''
VERSION='0.1'
am__isrc=''
am__leading_dot='.'
am__tar='${AMTAR} chof - "$$tardir"'
am__untar='${AMTAR} xf -'
bindir='${exec_prefix}/bin'
build_alias=''
datadir='${datarootdir}'
datarootdir='${prefix}/share'
docdir='${datarootdir}/doc/${PACKAGE_TARNAME}'
dvidir='${docdir}'
exec_prefix='${prefix}'
host_alias=''
htmldir='${docdir}'
includedir='${prefix}/include'
infodir='${datarootdir}/info'
install_sh='$(SHELL) /home/mitch/manifold/install-sh'
libdir='${exec_prefix}/lib'
libexecdir='${exec_prefix}/libexec'
localedir='${datarootdir}/locale'
localstatedir='${prefix}/var'
mandir='${datarootdir}/man'
mkdir_p='/bin/mkdir -p'
oldincludedir='/usr/include'
pdfdir='${docdir}'
prefix='/usr/local'
program_transform_name='s,x,x,'
psdir='${docdir}'
sbindir='${exec_prefix}/sbin'
sharedstatedir='${prefix}/com'
sysconfdir='${prefix}/etc'
target_alias=''
x_doxygen=''

## ----------- ##
## confdefs.h. ##
## ----------- ##

#define PACKAGE_NAME "Iris"
#define PACKAGE_TARNAME "Iris"
#define PACKAGE_VERSION "0.1"
#define PACKAGE_STRING "Iris 0.1"
#define PACKAGE_BUGREPORT "xxx@users.sourceforge.net"
#define PACKAGE "Iris"
#define VERSION "0.1"

configure: exit 0
